Determining if the pthread_create exist failed with the following output:
Change Dir: /home/kitty/git/gl_app/bld/CMakeFiles/CMakeTmp

Run Build Command:"/usr/bin/make" "cmTC_fbdd8/fast"
/usr/bin/make -f CMakeFiles/cmTC_fbdd8.dir/build.make CMakeFiles/cmTC_fbdd8.dir/build
make[1]: Entering directory '/home/kitty/git/gl_app/bld/CMakeFiles/CMakeTmp'
Building C object CMakeFiles/cmTC_fbdd8.dir/CheckSymbolExists.c.o
/usr/bin/clang    -o CMakeFiles/cmTC_fbdd8.dir/CheckSymbolExists.c.o   -c /home/kitty/git/gl_app/bld/CMakeFiles/CMakeTmp/CheckSymbolExists.c
Linking C executable cmTC_fbdd8
/usr/bin/cmake -E cmake_link_script CMakeFiles/cmTC_fbdd8.dir/link.txt --verbose=1
/usr/bin/clang      -rdynamic CMakeFiles/cmTC_fbdd8.dir/CheckSymbolExists.c.o  -o cmTC_fbdd8 
CMakeFiles/cmTC_fbdd8.dir/CheckSymbolExists.c.o: In function `main':
/home/kitty/git/gl_app/bld/CMakeFiles/CMakeTmp/CheckSymbolExists.c:(.text+0x19): undefined reference to `pthread_create'
clang-4.0: error: linker command failed with exit code 1 (use -v to see invocation)
make[1]: *** [CMakeFiles/cmTC_fbdd8.dir/build.make:98: cmTC_fbdd8] Error 1
make[1]: Leaving directory '/home/kitty/git/gl_app/bld/CMakeFiles/CMakeTmp'
make: *** [Makefile:126: cmTC_fbdd8/fast] Error 2

File /home/kitty/git/gl_app/bld/CMakeFiles/CMakeTmp/CheckSymbolExists.c:
/* */
#include <pthread.h>

int main(int argc, char** argv)
{
  (void)argv;
#ifndef pthread_create
  return ((int*)(&pthread_create))[argc];
#else
  (void)argc;
  return 0;
#endif
}

Determining if the function pthread_create exists in the pthreads failed with the following output:
Change Dir: /home/kitty/git/gl_app/bld/CMakeFiles/CMakeTmp

Run Build Command:"/usr/bin/make" "cmTC_637cf/fast"
/usr/bin/make -f CMakeFiles/cmTC_637cf.dir/build.make CMakeFiles/cmTC_637cf.dir/build
make[1]: Entering directory '/home/kitty/git/gl_app/bld/CMakeFiles/CMakeTmp'
Building C object CMakeFiles/cmTC_637cf.dir/CheckFunctionExists.c.o
/usr/bin/clang   -DCHECK_FUNCTION_EXISTS=pthread_create   -o CMakeFiles/cmTC_637cf.dir/CheckFunctionExists.c.o   -c /usr/share/cmake-3.8/Modules/CheckFunctionExists.c
Linking C executable cmTC_637cf
/usr/bin/cmake -E cmake_link_script CMakeFiles/cmTC_637cf.dir/link.txt --verbose=1
/usr/bin/clang  -DCHECK_FUNCTION_EXISTS=pthread_create    -rdynamic CMakeFiles/cmTC_637cf.dir/CheckFunctionExists.c.o  -o cmTC_637cf -lpthreads 
/usr/bin/ld: cannot find -lpthreads
clang-4.0: error: linker command failed with exit code 1 (use -v to see invocation)
make[1]: *** [CMakeFiles/cmTC_637cf.dir/build.make:98: cmTC_637cf] Error 1
make[1]: Leaving directory '/home/kitty/git/gl_app/bld/CMakeFiles/CMakeTmp'
make: *** [Makefile:126: cmTC_637cf/fast] Error 2


